<?xml version="1.0" encoding="UTF-8"?>
<!-- Generated by org.testng.reporters.JUnitReportReporter -->
<testsuite skipped="0" hostname="in04009" name="com.ndtv.qa.testcases.NDTVHomePageTest" tests="3" failures="0" timestamp="25 Nov 2020 07:23:49 GMT" time="54.382" errors="0">
  <testcase name="verifyHomePageTitleTest" time="10.408" classname="com.ndtv.qa.testcases.NDTVHomePageTest"/>
  <testcase name="validateLogoTest" time="12.196" classname="com.ndtv.qa.testcases.NDTVHomePageTest"/>
  <testcase name="logiTest" time="31.778" classname="com.ndtv.qa.testcases.NDTVHomePageTest"/>
</testsuite> <!-- com.ndtv.qa.testcases.NDTVHomePageTest -->
