<?xml version="1.0" encoding="UTF-8"?>
<!-- Generated by org.testng.reporters.JUnitReportReporter -->
<testsuite skipped="0" hostname="in04009" name="com.ndtv.qa.testcases.NDTVWetherPageTest" tests="1" failures="0" timestamp="25 Nov 2020 07:23:49 GMT" time="38.728" errors="0">
  <testcase name="verifyWetherLink" time="38.728" classname="com.ndtv.qa.testcases.NDTVWetherPageTest"/>
</testsuite> <!-- com.ndtv.qa.testcases.NDTVWetherPageTest -->
